TN:
SF:/home/butterfly-qsy/Software_Engineering/lab1-lab3/include/Graph.h
FN:35,35,_ZN5Graph4EdgeC2ENSt7__cxx1112basic_stringIcSt11char_traitsIcESaIcEEEi
FN:46,46,_ZN5GraphC2Ev
FNDA:117,_ZN5Graph4EdgeC2ENSt7__cxx1112basic_stringIcSt11char_traitsIcESaIcEEEi
FNDA:13,_ZN5GraphC2Ev
FNF:2
FNH:2
BRDA:46,0,0,13
BRDA:46,e0,1,0
BRF:2
BRH:1
DA:35,117
DA:46,13
LF:2
LH:2
end_of_record
TN:
SF:/home/butterfly-qsy/Software_Engineering/lab1-lab3/src/Graph.cpp
FN:102,130,_ZNK5Graph15saveGraphToFileERKNSt7__cxx1112basic_stringIcSt11char_traitsIcESaIcEEE
FN:133,169,_ZNK5Graph15findBridgeWordsERKNSt7__cxx1112basic_stringIcSt11char_traitsIcESaIcEEES7_
FN:172,212,_ZN5Graph23generateTextWithBridgesERKNSt7__cxx1112basic_stringIcSt11char_traitsIcESaIcEEE
FN:215,295,_ZNK5Graph12shortestPathERKNSt7__cxx1112basic_stringIcSt11char_traitsIcESaIcEEES7_
FN:298,319,_ZNK5Graph23shortestPathsFromSourceERKNSt7__cxx1112basic_stringIcSt11char_traitsIcESaIcEEE
FN:322,357,_ZN5Graph10randomWalkB5cxx11Ev
FN:360,363,_ZNK5Graph12containsWordERKNSt7__cxx1112basic_stringIcSt11char_traitsIcESaIcEEE
FN:376,468,_ZNK5Graph17calculatePageRankEdSt3mapINSt7__cxx1112basic_stringIcSt11char_traitsIcESaIcEEEdSt4lessIS6_ESaISt4pairIKS6_dEEEi
FN:4,46,_ZN5Graph13buildFromFileERKNSt7__cxx1112basic_stringIcSt11char_traitsIcESaIcEEE
FN:471,605,_ZNK5Graph19calculateTfIdfRanksERKNSt7__cxx1112basic_stringIcSt11char_traitsIcESaIcEEE
FN:49,74,_ZN5Graph7addEdgeERKNSt7__cxx1112basic_stringIcSt11char_traitsIcESaIcEEES7_
FN:608,613,_ZNK5Graph26calculatePageRankWithTfIdfERKNSt7__cxx1112basic_stringIcSt11char_traitsIcESaIcEEEdi
FN:77,99,_ZNK5Graph12displayGraphEv
FNDA:0,_ZNK5Graph15saveGraphToFileERKNSt7__cxx1112basic_stringIcSt11char_traitsIcESaIcEEE
FNDA:12,_ZNK5Graph15findBridgeWordsERKNSt7__cxx1112basic_stringIcSt11char_traitsIcESaIcEEES7_
FNDA:0,_ZN5Graph23generateTextWithBridgesERKNSt7__cxx1112basic_stringIcSt11char_traitsIcESaIcEEE
FNDA:5,_ZNK5Graph12shortestPathERKNSt7__cxx1112basic_stringIcSt11char_traitsIcESaIcEEES7_
FNDA:0,_ZNK5Graph23shortestPathsFromSourceERKNSt7__cxx1112basic_stringIcSt11char_traitsIcESaIcEEE
FNDA:11,_ZN5Graph10randomWalkB5cxx11Ev
FNDA:7,_ZNK5Graph12containsWordERKNSt7__cxx1112basic_stringIcSt11char_traitsIcESaIcEEE
FNDA:0,_ZNK5Graph17calculatePageRankEdSt3mapINSt7__cxx1112basic_stringIcSt11char_traitsIcESaIcEEEdSt4lessIS6_ESaISt4pairIKS6_dEEEi
FNDA:10,_ZN5Graph13buildFromFileERKNSt7__cxx1112basic_stringIcSt11char_traitsIcESaIcEEE
FNDA:0,_ZNK5Graph19calculateTfIdfRanksERKNSt7__cxx1112basic_stringIcSt11char_traitsIcESaIcEEE
FNDA:117,_ZN5Graph7addEdgeERKNSt7__cxx1112basic_stringIcSt11char_traitsIcESaIcEEES7_
FNDA:0,_ZNK5Graph26calculatePageRankWithTfIdfERKNSt7__cxx1112basic_stringIcSt11char_traitsIcESaIcEEEdi
FNDA:0,_ZNK5Graph12displayGraphEv
FNF:13
FNH:6
BRDA:5,0,0,10
BRDA:5,e0,1,0
BRDA:6,0,0,0
BRDA:6,0,1,10
BRDA:7,0,0,-
BRDA:7,e0,1,-
BRDA:7,0,2,-
BRDA:7,e0,3,-
BRDA:7,0,4,-
BRDA:7,e0,5,-
BRDA:12,0,0,10
BRDA:12,e0,1,0
BRDA:13,0,0,10
BRDA:13,e0,1,0
BRDA:14,0,0,10
BRDA:14,e0,1,0
BRDA:15,0,0,10
BRDA:15,e0,1,0
BRDA:19,0,0,684
BRDA:19,0,1,10
BRDA:20,0,0,684
BRDA:20,0,1,0
BRDA:20,0,2,684
BRDA:20,0,3,0
BRDA:20,0,4,0
BRDA:20,0,5,684
BRDA:25,0,0,10
BRDA:25,e0,1,0
BRDA:30,0,0,136
BRDA:30,e0,1,0
BRDA:30,0,2,136
BRDA:30,e0,3,0
BRDA:30,0,4,126
BRDA:30,0,5,10
BRDA:31,0,0,126
BRDA:31,e0,1,0
BRDA:32,0,0,0
BRDA:32,0,1,126
BRDA:34,0,0,117
BRDA:34,0,1,9
BRDA:36,0,0,117
BRDA:36,e0,1,0
BRDA:42,0,0,126
BRDA:42,e0,1,0
BRDA:43,0,0,126
BRDA:43,0,1,0
BRDA:51,0,0,117
BRDA:51,e0,1,0
BRDA:51,0,2,9
BRDA:51,0,3,108
BRDA:52,0,0,9
BRDA:52,e0,1,0
BRDA:57,0,0,117
BRDA:57,e0,1,0
BRDA:57,0,2,45
BRDA:57,0,3,117
BRDA:58,0,0,0
BRDA:58,0,1,45
BRDA:66,0,0,117
BRDA:66,0,1,0
BRDA:67,0,0,117
BRDA:67,e0,1,0
BRDA:67,0,2,117
BRDA:67,e0,3,0
BRDA:71,0,0,117
BRDA:71,e0,1,0
BRDA:71,0,2,81
BRDA:71,0,3,36
BRDA:72,0,0,81
BRDA:72,e0,1,0
BRDA:80,0,0,-
BRDA:80,0,1,-
BRDA:84,0,0,-
BRDA:84,e0,1,-
BRDA:84,0,2,-
BRDA:84,e0,3,-
BRDA:84,0,4,-
BRDA:84,e0,5,-
BRDA:84,0,6,-
BRDA:84,e0,7,-
BRDA:86,0,0,-
BRDA:86,0,1,-
BRDA:87,0,0,-
BRDA:87,e0,1,-
BRDA:91,0,0,-
BRDA:91,0,1,-
BRDA:92,0,0,-
BRDA:92,0,1,-
BRDA:92,0,2,-
BRDA:92,e0,3,-
BRDA:93,0,0,-
BRDA:93,e0,1,-
BRDA:93,0,2,-
BRDA:93,e0,3,-
BRDA:93,0,4,-
BRDA:93,e0,5,-
BRDA:93,0,6,-
BRDA:93,e0,7,-
BRDA:97,0,0,-
BRDA:97,e0,1,-
BRDA:103,0,0,-
BRDA:103,e0,1,-
BRDA:104,0,0,-
BRDA:104,0,1,-
BRDA:105,0,0,-
BRDA:105,e0,1,-
BRDA:105,0,2,-
BRDA:105,e0,3,-
BRDA:105,0,4,-
BRDA:105,e0,5,-
BRDA:105,0,6,-
BRDA:105,e0,7,-
BRDA:110,0,0,-
BRDA:110,e0,1,-
BRDA:111,0,0,-
BRDA:111,e0,1,-
BRDA:112,0,0,-
BRDA:112,e0,1,-
BRDA:114,0,0,-
BRDA:114,0,1,-
BRDA:118,0,0,-
BRDA:118,0,1,-
BRDA:119,0,0,-
BRDA:119,e0,1,-
BRDA:119,0,2,-
BRDA:119,e0,3,-
BRDA:119,0,4,-
BRDA:119,e0,5,-
BRDA:119,0,6,-
BRDA:119,e0,7,-
BRDA:119,0,8,-
BRDA:119,e0,9,-
BRDA:119,0,10,-
BRDA:119,e0,11,-
BRDA:119,0,12,-
BRDA:119,e0,13,-
BRDA:123,0,0,-
BRDA:123,e0,1,-
BRDA:124,0,0,-
BRDA:124,e0,1,-
BRDA:126,0,0,-
BRDA:126,e0,1,-
BRDA:126,0,2,-
BRDA:126,e0,3,-
BRDA:126,0,4,-
BRDA:126,e0,5,-
BRDA:126,0,6,-
BRDA:126,e0,7,-
BRDA:127,0,0,-
BRDA:127,e0,1,-
BRDA:127,0,2,-
BRDA:127,e0,3,-
BRDA:127,0,4,-
BRDA:127,e0,5,-
BRDA:127,0,6,-
BRDA:127,e0,7,-
BRDA:135,0,0,12
BRDA:135,e0,1,0
BRDA:136,0,0,12
BRDA:136,e0,1,0
BRDA:139,0,0,12
BRDA:139,e0,1,0
BRDA:139,0,2,10
BRDA:139,0,3,2
BRDA:139,0,4,1
BRDA:139,0,5,9
BRDA:140,0,0,10
BRDA:140,e0,1,0
BRDA:140,0,2,3
BRDA:140,0,3,9
BRDA:145,0,0,90
BRDA:145,0,1,9
BRDA:150,0,0,90
BRDA:150,e0,1,0
BRDA:150,0,2,143
BRDA:150,0,3,75
BRDA:151,0,0,15
BRDA:151,0,1,128
BRDA:157,0,0,75
BRDA:157,0,1,15
BRDA:160,0,0,15
BRDA:160,e0,1,0
BRDA:160,0,2,19
BRDA:160,0,3,11
BRDA:161,0,0,4
BRDA:161,0,1,15
BRDA:162,0,0,4
BRDA:162,e0,1,0
BRDA:173,0,0,-
BRDA:173,e0,1,-
BRDA:178,0,0,-
BRDA:178,e0,1,-
BRDA:178,0,2,-
BRDA:178,e0,3,-
BRDA:178,0,4,-
BRDA:178,0,5,-
BRDA:179,0,0,-
BRDA:179,e0,1,-
BRDA:180,0,0,-
BRDA:180,0,1,-
BRDA:181,0,0,-
BRDA:181,e0,1,-
BRDA:185,0,0,-
BRDA:185,0,1,-
BRDA:186,0,0,-
BRDA:186,e0,1,-
BRDA:189,0,0,-
BRDA:189,e0,1,-
BRDA:190,0,0,-
BRDA:190,e0,1,-
BRDA:193,0,0,-
BRDA:193,0,1,-
BRDA:198,0,0,-
BRDA:198,e0,1,-
BRDA:201,0,0,-
BRDA:201,0,1,-
BRDA:202,0,0,-
BRDA:202,e0,1,-
BRDA:203,0,0,-
BRDA:203,e0,1,-
BRDA:204,0,0,-
BRDA:204,e0,1,-
BRDA:204,0,2,-
BRDA:204,e0,3,-
BRDA:208,0,0,-
BRDA:208,e0,1,-
BRDA:208,0,2,-
BRDA:208,e0,3,-
BRDA:211,0,0,-
BRDA:211,e0,1,-
BRDA:216,0,0,5
BRDA:216,e0,1,0
BRDA:217,0,0,5
BRDA:217,e0,1,0
BRDA:220,0,0,5
BRDA:220,e0,1,0
BRDA:220,0,2,5
BRDA:220,0,3,0
BRDA:220,0,4,0
BRDA:220,0,5,5
BRDA:221,0,0,5
BRDA:221,e0,1,0
BRDA:221,0,2,0
BRDA:221,0,3,5
BRDA:222,0,0,-
BRDA:222,e0,1,-
BRDA:230,0,0,50
BRDA:230,0,1,5
BRDA:232,0,0,50
BRDA:232,e0,1,0
BRDA:233,0,0,50
BRDA:233,e0,1,0
BRDA:236,0,0,5
BRDA:236,e0,1,0
BRDA:239,0,0,13
BRDA:239,0,1,0
BRDA:244,0,0,118
BRDA:244,0,1,13
BRDA:245,0,0,118
BRDA:245,e0,1,0
BRDA:245,0,2,14
BRDA:245,0,3,104
BRDA:246,0,0,14
BRDA:246,e0,1,0
BRDA:247,0,0,14
BRDA:247,e0,1,0
BRDA:251,0,0,0
BRDA:251,0,1,13
BRDA:256,0,0,13
BRDA:256,e0,1,0
BRDA:259,0,0,5
BRDA:259,0,1,8
BRDA:264,0,0,8
BRDA:264,e0,1,0
BRDA:264,0,2,8
BRDA:264,0,3,0
BRDA:265,0,0,8
BRDA:265,e0,1,0
BRDA:265,0,2,11
BRDA:265,0,3,8
BRDA:266,0,0,11
BRDA:266,e0,1,0
BRDA:266,0,2,11
BRDA:266,0,3,0
BRDA:268,0,0,11
BRDA:268,e0,1,0
BRDA:269,0,0,11
BRDA:269,e0,1,0
BRDA:269,0,2,11
BRDA:269,0,3,0
BRDA:270,0,0,11
BRDA:270,e0,1,0
BRDA:271,0,0,11
BRDA:271,e0,1,0
BRDA:271,0,2,11
BRDA:271,e0,3,0
BRDA:276,0,0,8
BRDA:276,0,1,5
BRDA:279,0,0,5
BRDA:279,e0,1,0
BRDA:279,0,2,5
BRDA:279,0,3,0
BRDA:281,0,0,5
BRDA:281,e0,1,0
BRDA:283,0,0,5
BRDA:283,0,1,5
BRDA:284,0,0,5
BRDA:284,e0,1,0
BRDA:285,0,0,5
BRDA:285,e0,1,0
BRDA:285,0,2,5
BRDA:285,e0,3,0
BRDA:288,0,0,5
BRDA:288,e0,1,0
BRDA:289,0,0,5
BRDA:289,e0,1,0
BRDA:291,0,0,5
BRDA:291,e0,1,0
BRDA:291,0,2,5
BRDA:291,e0,3,0
BRDA:294,0,0,-
BRDA:294,e0,1,-
BRDA:300,0,0,-
BRDA:300,e0,1,-
BRDA:303,0,0,-
BRDA:303,e0,1,-
BRDA:303,0,2,-
BRDA:303,0,3,-
BRDA:308,0,0,-
BRDA:308,0,1,-
BRDA:310,0,0,-
BRDA:310,0,1,-
BRDA:311,0,0,-
BRDA:311,e0,1,-
BRDA:312,0,0,-
BRDA:312,0,1,-
BRDA:313,0,0,-
BRDA:313,e0,1,-
BRDA:313,0,2,-
BRDA:313,e0,3,-
BRDA:323,0,0,1
BRDA:323,0,1,10
BRDA:330,0,0,10
BRDA:330,e0,1,0
BRDA:331,0,0,100
BRDA:331,0,1,10
BRDA:332,0,0,100
BRDA:332,e0,1,0
BRDA:334,0,0,10
BRDA:334,e0,1,0
BRDA:335,0,0,10
BRDA:335,e0,1,0
BRDA:335,0,2,10
BRDA:335,e0,3,0
BRDA:336,0,0,10
BRDA:336,e0,1,0
BRDA:339,0,0,58
BRDA:339,e0,1,0
BRDA:339,0,2,4
BRDA:339,0,3,54
BRDA:343,0,0,54
BRDA:343,e0,1,0
BRDA:344,0,0,54
BRDA:344,e0,1,0
BRDA:345,0,0,54
BRDA:345,e0,1,0
BRDA:347,0,0,54
BRDA:347,e0,1,0
BRDA:348,0,0,54
BRDA:348,e0,1,0
BRDA:348,0,2,6
BRDA:348,0,3,48
BRDA:352,0,0,48
BRDA:352,e0,1,0
BRDA:353,0,0,48
BRDA:353,e0,1,0
BRDA:354,0,0,48
BRDA:354,e0,1,0
BRDA:355,0,0,48
BRDA:355,0,1,6
BRDA:361,0,0,7
BRDA:361,e0,1,0
BRDA:362,0,0,7
BRDA:362,e0,1,0
BRDA:381,0,0,-
BRDA:381,0,1,-
BRDA:385,0,0,-
BRDA:385,0,1,-
BRDA:387,0,0,-
BRDA:387,e0,1,-
BRDA:387,0,2,-
BRDA:387,0,3,-
BRDA:388,0,0,-
BRDA:388,e0,1,-
BRDA:388,0,2,-
BRDA:388,e0,3,-
BRDA:389,0,0,-
BRDA:389,e0,1,-
BRDA:393,0,0,-
BRDA:393,e0,1,-
BRDA:399,0,0,-
BRDA:399,0,1,-
BRDA:406,0,0,-
BRDA:406,e0,1,-
BRDA:407,0,0,-
BRDA:407,0,1,-
BRDA:408,0,0,-
BRDA:408,e0,1,-
BRDA:416,0,0,-
BRDA:416,0,1,-
BRDA:422,0,0,-
BRDA:422,0,1,-
BRDA:423,0,0,-
BRDA:423,e0,1,-
BRDA:427,0,0,-
BRDA:427,0,1,-
BRDA:431,0,0,-
BRDA:431,0,1,-
BRDA:433,0,0,-
BRDA:433,e0,1,-
BRDA:439,0,0,-
BRDA:439,0,1,-
BRDA:444,0,0,-
BRDA:444,0,1,-
BRDA:448,0,0,-
BRDA:448,0,1,-
BRDA:451,0,0,-
BRDA:451,0,1,-
BRDA:456,0,0,-
BRDA:456,0,1,-
BRDA:457,0,0,-
BRDA:457,e0,1,-
BRDA:458,0,0,-
BRDA:458,e0,1,-
BRDA:464,0,0,-
BRDA:464,e0,1,-
BRDA:477,0,0,-
BRDA:477,e0,1,-
BRDA:478,0,0,-
BRDA:478,0,1,-
BRDA:479,0,0,-
BRDA:479,e0,1,-
BRDA:479,0,2,-
BRDA:479,e0,3,-
BRDA:479,0,4,-
BRDA:479,e0,5,-
BRDA:479,0,6,-
BRDA:479,e0,7,-
BRDA:486,0,0,-
BRDA:486,e0,1,-
BRDA:489,0,0,-
BRDA:489,e0,1,-
BRDA:489,0,2,-
BRDA:489,e0,3,-
BRDA:489,0,4,-
BRDA:489,0,5,-
BRDA:490,0,0,-
BRDA:490,0,1,-
BRDA:491,0,0,-
BRDA:491,e0,1,-
BRDA:494,0,0,-
BRDA:494,e0,1,-
BRDA:498,0,0,-
BRDA:498,0,1,-
BRDA:503,0,0,-
BRDA:503,0,1,-
BRDA:504,0,0,-
BRDA:504,e0,1,-
BRDA:506,0,0,-
BRDA:506,e0,1,-
BRDA:509,0,0,-
BRDA:509,e0,1,-
BRDA:515,0,0,-
BRDA:515,e0,1,-
BRDA:515,0,2,-
BRDA:515,e0,3,-
BRDA:515,0,4,-
BRDA:515,0,5,-
BRDA:516,0,0,-
BRDA:516,e0,1,-
BRDA:516,0,2,-
BRDA:516,e0,3,-
BRDA:519,0,0,-
BRDA:519,0,1,-
BRDA:520,0,0,-
BRDA:520,e0,1,-
BRDA:521,0,0,-
BRDA:521,e0,1,-
BRDA:527,0,0,-
BRDA:527,0,1,-
BRDA:528,0,0,-
BRDA:528,e0,1,-
BRDA:536,0,0,-
BRDA:536,0,1,-
BRDA:537,0,0,-
BRDA:537,e0,1,-
BRDA:541,0,0,-
BRDA:541,e0,1,-
BRDA:541,0,2,-
BRDA:541,e0,3,-
BRDA:541,0,4,-
BRDA:541,0,5,-
BRDA:542,0,0,-
BRDA:542,e0,1,-
BRDA:543,0,0,-
BRDA:543,0,1,-
BRDA:544,0,0,-
BRDA:544,e0,1,-
BRDA:545,0,0,-
BRDA:545,e0,1,-
BRDA:550,0,0,-
BRDA:550,0,1,-
BRDA:551,0,0,-
BRDA:551,e0,1,-
BRDA:556,0,0,-
BRDA:556,0,1,-
BRDA:562,0,0,-
BRDA:562,e0,1,-
BRDA:562,0,2,-
BRDA:562,0,3,-
BRDA:563,0,0,-
BRDA:563,e0,1,-
BRDA:566,0,0,-
BRDA:566,e0,1,-
BRDA:566,0,2,-
BRDA:566,0,3,-
BRDA:566,0,4,-
BRDA:566,e0,5,-
BRDA:566,0,6,-
BRDA:566,0,7,-
BRDA:566,0,8,-
BRDA:566,0,9,-
BRDA:566,0,10,-
BRDA:566,0,11,-
BRDA:567,0,0,-
BRDA:567,e0,1,-
BRDA:576,0,0,-
BRDA:576,0,1,-
BRDA:581,0,0,-
BRDA:581,e0,1,-
BRDA:586,0,0,-
BRDA:586,0,1,-
BRDA:590,0,0,-
BRDA:590,0,1,-
BRDA:591,0,0,-
BRDA:591,0,1,-
BRDA:593,0,0,-
BRDA:593,e0,1,-
BRDA:599,0,0,-
BRDA:599,0,1,-
BRDA:611,0,0,-
BRDA:611,e0,1,-
BRDA:612,0,0,-
BRDA:612,e0,1,-
BRDA:612,0,2,-
BRDA:612,e0,3,-
BRF:556
BRH:141
DA:4,10
DA:5,10
DA:6,10
DA:7,0
DA:8,0
DA:12,10
DA:13,10
DA:14,10
DA:15,10
DA:19,694
DA:20,684
DA:21,0
DA:25,10
DA:26,10
DA:27,10
DA:30,136
DA:31,126
DA:32,126
DA:34,126
DA:36,117
DA:39,9
DA:42,126
DA:43,126
DA:45,10
DA:46,10
DA:49,117
DA:51,117
DA:52,9
DA:56,117
DA:57,162
DA:58,45
DA:59,0
DA:60,0
DA:61,0
DA:66,117
DA:67,117
DA:71,117
DA:72,81
DA:74,117
DA:77,0
DA:78,0
DA:80,0
DA:81,0
DA:82,0
DA:84,0
DA:86,0
DA:87,0
DA:90,0
DA:91,0
DA:92,0
DA:93,0
DA:94,0
DA:97,0
DA:99,0
DA:102,0
DA:103,0
DA:104,0
DA:105,0
DA:106,0
DA:110,0
DA:111,0
DA:112,0
DA:114,0
DA:115,0
DA:116,0
DA:118,0
DA:119,0
DA:123,0
DA:124,0
DA:126,0
DA:127,0
DA:129,0
DA:130,0
DA:133,12
DA:134,12
DA:135,12
DA:136,12
DA:139,22
DA:140,22
DA:141,3
DA:145,99
DA:146,90
DA:149,90
DA:150,218
DA:151,143
DA:152,15
DA:153,15
DA:157,90
DA:160,30
DA:161,19
DA:162,4
DA:163,4
DA:168,9
DA:169,12
DA:172,0
DA:173,0
DA:174,0
DA:175,0
DA:178,0
DA:179,0
DA:180,0
DA:181,0
DA:183,0
DA:185,0
DA:186,0
DA:189,0
DA:190,0
DA:193,0
DA:194,0
DA:195,0
DA:198,0
DA:201,0
DA:202,0
DA:203,0
DA:204,0
DA:208,0
DA:209,0
DA:211,0
DA:212,0
DA:215,5
DA:216,5
DA:217,5
DA:220,10
DA:221,10
DA:222,0
DA:226,5
DA:227,5
DA:228,5
DA:230,55
DA:231,50
DA:232,50
DA:233,50
DA:236,5
DA:239,13
DA:241,13
DA:242,13
DA:244,131
DA:245,118
DA:246,14
DA:247,14
DA:251,13
DA:252,0
DA:256,13
DA:259,13
DA:260,5
DA:264,8
DA:265,19
DA:266,11
DA:268,11
DA:269,11
DA:270,11
DA:271,11
DA:276,13
DA:279,5
DA:280,5
DA:281,5
DA:283,10
DA:284,5
DA:285,5
DA:288,5
DA:289,5
DA:291,5
DA:292,5
DA:294,0
DA:295,5
DA:298,0
DA:299,0
DA:300,0
DA:303,0
DA:304,0
DA:308,0
DA:309,0
DA:310,0
DA:311,0
DA:312,0
DA:313,0
DA:315,0
DA:318,0
DA:319,0
DA:322,11
DA:323,11
DA:324,1
DA:326,10
DA:327,10
DA:329,10
DA:330,10
DA:331,110
DA:332,100
DA:334,10
DA:335,10
DA:336,10
DA:339,58
DA:340,4
DA:343,54
DA:344,54
DA:345,54
DA:347,54
DA:348,54
DA:349,6
DA:352,48
DA:353,48
DA:354,48
DA:355,102
DA:356,10
DA:357,10
DA:360,7
DA:361,7
DA:362,14
DA:363,7
DA:376,0
DA:378,0
DA:381,0
DA:383,0
DA:385,0
DA:386,0
DA:387,0
DA:388,0
DA:389,0
DA:393,0
DA:394,0
DA:399,0
DA:400,0
DA:405,0
DA:406,0
DA:407,0
DA:408,0
DA:413,0
DA:416,0
DA:417,0
DA:418,0
DA:421,0
DA:422,0
DA:423,0
DA:427,0
DA:428,0
DA:429,0
DA:431,0
DA:433,0
DA:438,0
DA:439,0
DA:440,0
DA:444,0
DA:445,0
DA:446,0
DA:448,0
DA:450,0
DA:451,0
DA:452,0
DA:456,0
DA:457,0
DA:458,0
DA:464,0
DA:465,0
DA:467,0
DA:468,0
DA:471,0
DA:472,0
DA:473,0
DA:474,0
DA:477,0
DA:478,0
DA:479,0
DA:480,0
DA:484,0
DA:485,0
DA:486,0
DA:489,0
DA:490,0
DA:491,0
DA:494,0
DA:497,0
DA:498,0
DA:499,0
DA:503,0
DA:504,0
DA:505,0
DA:506,0
DA:509,0
DA:510,0
DA:511,0
DA:512,0
DA:513,0
DA:515,0
DA:516,0
DA:517,0
DA:519,0
DA:520,0
DA:521,0
DA:522,0
DA:527,0
DA:528,0
DA:532,0
DA:533,0
DA:536,0
DA:537,0
DA:538,0
DA:539,0
DA:541,0
DA:542,0
DA:543,0
DA:544,0
DA:545,0
DA:547,0
DA:550,0
DA:551,0
DA:553,0
DA:556,0
DA:557,0
DA:560,0
DA:562,0
DA:563,0
DA:566,0
DA:567,0
DA:568,0
DA:572,0
DA:576,0
DA:577,0
DA:581,0
DA:585,0
DA:586,0
DA:587,0
DA:590,0
DA:591,0
DA:592,0
DA:593,0
DA:598,0
DA:599,0
DA:600,0
DA:604,0
DA:605,0
DA:608,0
DA:611,0
DA:612,0
DA:613,0
LF:334
LH:127
end_of_record
TN:
SF:/home/butterfly-qsy/Software_Engineering/lab1-lab3/src/Tools.cpp
FN:15,29,_Z19displayShortestPathRKSt4pairIdSt6vectorINSt7__cxx1112basic_stringIcSt11char_traitsIcESaIcEEESaIS6_EEE
FN:4,12,_Z13normalizeWordRKNSt7__cxx1112basic_stringIcSt11char_traitsIcESaIcEEE
FNDA:0,_Z19displayShortestPathRKSt4pairIdSt6vectorINSt7__cxx1112basic_stringIcSt11char_traitsIcESaIcEEESaIS6_EEE
FNDA:167,_Z13normalizeWordRKNSt7__cxx1112basic_stringIcSt11char_traitsIcESaIcEEE
FNF:2
FNH:1
BRDA:6,0,0,728
BRDA:6,0,1,167
BRDA:7,0,0,726
BRDA:7,0,1,2
BRDA:8,0,0,726
BRDA:8,e0,1,0
BRDA:16,0,0,-
BRDA:16,0,1,-
BRDA:22,0,0,-
BRDA:22,0,1,-
BRDA:23,0,0,-
BRDA:23,0,1,-
BRF:12
BRH:5
DA:4,167
DA:5,167
DA:6,895
DA:7,728
DA:8,726
DA:11,167
DA:12,0
DA:15,0
DA:16,0
DA:17,0
DA:18,0
DA:21,0
DA:22,0
DA:23,0
DA:24,0
DA:26,0
DA:28,0
LF:17
LH:6
end_of_record
